{
  "RSpec": {
    "coverage": {
      "/home/ubuntu/soa2023/TravelRoute/require_app.rb": {

        "lines": [
          null,
          null,
          null,
          1,
          1,
          10,
          null,
          null
        ]
      },
      "/home/ubuntu/soa2023/TravelRoute/lib/entities/place.rb": {
        "lines": [
          null,
          null,
          1,
          1,
          null,
          1,
          1,
          null,
          1,
          1,
          null,
          1,
          1,
          1,
          1,
          null,
          null,
          null
        ]
      },
      "/home/ubuntu/soa2023/TravelRoute/lib/entities/route.rb": {
        "lines": [
          null,
          null,
          1,
          1,
          null,
          1,
          null,
          1,
          1,
          null,
          1,
          1,
          null,
          1,
          1,
          1,
          1,
          null,
          null,
          null
        ]
      },
      "/home/ubuntu/soa2023/TravelRoute/lib/entities/waypoint.rb": {
        "lines": [
          null,
          null,
          1,
          1,
          null,
          1,
          null,
          1,
          1,
          null,
          1,
          1,
          null,
          1,
          null,
          1,
          3,
          3,
          null,
          null,
          1,
          1,
          2,
          2,
          2,
          2,
          null,
          null,
          null,
          1,
          10,
          null,
          null,
          1,
          null,
          1,
          30,
          null,
          null,
          1,
          12,
          null,
          null,
          null,
          null
        ]
      },
      "/home/ubuntu/soa2023/TravelRoute/lib/gateways/places_api.rb": {
        "lines": [
          null,
          null,
          1,
          null,
          1,
          1,
          null,
          1,
          1,
          1,
          null,
          1,
          1,
          1,
          null,
          1,
          21,
          null,
          null,
          1,
          21,
          21,
          21,
          21,
          null,
          null,
          1,
          16,
          16,
          16,
          null,
          null,
          null,
          null,
          null
        ]
      },
      "/home/ubuntu/soa2023/TravelRoute/lib/gateways/request.rb": {
        "lines": [
          null,
          null,
          1,
          null,
          1,
          1,
          37,
          37,
          37,
          null,
          null,
          null,
          1,
          6,
          6,
          6,
          null,
          null,
          null,
          null
        ]
      },
      "/home/ubuntu/soa2023/TravelRoute/lib/gateways/response.rb": {
        "lines": [
          null,
          null,
          1,
          null,
          1,
          1,
          1,
          1,
          null,
          null,
          1,
          null,
          null,
          null,
          null,
          null,
          1,
          null,
          null,
          1,
          37,
          null,
          null,
          1,
          6,
          null,
          null,
          1,
          3,
          null,
          null,
          null
        ]
      },
      "/home/ubuntu/soa2023/TravelRoute/lib/gateways/routes_api.rb": {
        "lines": [
          null,
          null,
          1,
          null,
          1,
          1,
          null,
          1,
          1,
          1,
          null,
          1,
          1,
          1,
          null,
          1,
          null,
          1,
          null,
          1,
          7,
          null,
          null,
          1,
          null,
          6,
          null,
          null,
          null,
          null,
          null,
          1,
          2,
          2,
          null,
          2,
          null,
          null,
          null,
          null,
          2,
          null,
          null,
          1,
          4,
          4,
          4,
          4,
          null,
          null,
          null,
          1,
          1,
          4,
          null,
          null,
          1,
          null,
          4,
          null,
          null,
          null,
          null,
          null,
          null,
          1,
          null,
          1,
          32,
          null,
          null,
          null,
          null,
          null,
          null
        ]
      },
      "/home/ubuntu/soa2023/TravelRoute/lib/mappers/place_mapper.rb": {
        "lines": [
          null,
          null,
          1,
          null,
          1,
          1,
          21,
          21,
          21,
          null,
          null,
          1,
          21,
          20,
          null,
          null,
          1,
          20,
          36,
          null,
          null,
          1,
          null,
          1,
          20,
          36,
          36,
          null,
          null,
          null,
          1,
          1,
          16,
          null,
          null,
          1,
          16,
          null,
          null,
          null,
          null,
          null,
          null,
          null,
          1,
          null,
          1,
          16,
          null,
          null,
          1,
          16,
          null,
          null,
          1,
          16,
          null,
          null,
          1,
          16,
          null,
          null,
          null,
          null
        ]
      },
      "/home/ubuntu/soa2023/TravelRoute/lib/mappers/route_mapper.rb": {
        "lines": [
          null,
          null,
          1,
          null,
          1,
          1,
          3,
          3,
          3,
          null,
          null,
          1,
          3,
          1,
          null,
          1,
          null,
          null,
          null,
          1,
          1,
          null,
          1,
          28,
          28,
          28,
          null,
          null,
          1,
          28,
          null,

          null,
          null,
          null,
          null,
          null,
          null,
          1,
          28,
          28,
          null,
          null,
          1,
          28,
          28,
          null,
          null,
          null,
          null
        ]
      },
      "/home/ubuntu/soa2023/TravelRoute/lib/mappers/waypoint_mapper.rb": {
        "lines": [
          null,
          null,
          1,
          null,
          1,
          1,
          4,
          4,
          4,
          null,
          null,
          1,
          4,
          3,
          null,
          0,
          null,
          null,
          null,
          1,
          1,
          3,
          3,
          null,
          null,
          1,
          3,
          27,
          27,
          27,
          null,
          3,
          null,
          null,
          1,
          null,
          1,
          54,
          null,
          null,
          null,
          null
        ]
      }
    },
    "timestamp": 1698431266
  }
}
