{
  "RSpec": {
    "coverage": {
      "/home/hank/code/api-TravelRoute/require_app.rb": {
        "lines": [
          null,
          null,
          null,
          null,
          null,
          null,
          null,
          null,
          1,
          5,
          1,
          null,
          1,
          36,
          null,
          null
        ]
      },
      "/home/hank/code/api-TravelRoute/config/environment.rb": {
        "lines": [
          null,
          null,
          1,
          1,
          1,
          1,
          1,
          null,
          1,
          null,
          1,
          1,
          null,
          null,
          1,
          null,
          null,
          null,
          1,
          1,
          null,
          1,
          null,
          1,
          1,
          1,
          null,
          null,
          null,
          1,
          1,
          null,
          null,
          1,
          1,
          null,
          null
        ]
      },
      "/home/hank/code/api-TravelRoute/app/infrastructure/database/attraction_orm.rb": {
        "lines": [
          null,
          null,
          1,
          null,
          1,
          1,
          null,
          1,
          1,
          null,
          null,
          null,
          1,
          null,
          null,
          null,
          1,
          null,
          1,
          9,
          null,
          null,
          1,
          10,
          10,
          null,
          null,
          1,
          27,
          null,
          null,
          1,
          17,
          17,
          null,
          null,
          null,
          null
        ]
      },
      "/home/hank/code/api-TravelRoute/app/infrastructure/database/route_orm.rb": {
        "lines": [
          null,
          null,
          1,
          null,
          1,
          1,
          null,
          1,
          1,
          null,
          null,
          1,
          null,
          null,
          1,
          null,
          null,
          null
        ]
      },
      "/home/hank/code/api-TravelRoute/app/infrastructure/gateways/places_api.rb": {
        "lines": [
          null,
          null,
          1,
          null,
          1,
          1,
          null,
          1,
          1,
          1,
          null,
          1,
          1,
          1,
          1,
          1,
          null,
          1,
          null,
          null,
          null,
          null,
          1,
          33,
          null,
          null,
          1,
          null,
          33,
          null,
          null,
          null,
          null,
          null,
          1,
          33,
          null,
          null,
          1,
          232,
          29,
          29,
          29,
          29,
          null,
          null,
          1,
          4,
          4,
          4,
          null,
          null,
          1,
          null,
          0,
          null,
          null,
          null,
          null,
          null,
          null,
          null,
          null,
          null,
          null,
          1,
          0,
          null,
          0,
          0,
          0,
          0,
          0,
          null,
          null,
          null,
          null,
          null
        ]
      },
      "/home/hank/code/api-TravelRoute/app/infrastructure/gateways/request.rb": {
        "lines": [
          null,
          null,
          1,
          1,
          null,
          1,
          1,
          4,
          4,
          4,
          null,
          null,
          null,
          1,
          34,
          34,
          34,
          null,
          null,
          null,
          null,
          null
        ]
      },
      "/home/hank/code/api-TravelRoute/app/infrastructure/gateways/response.rb": {
        "lines": [
          null,
          null,
          1,
          1,
          null,
          1,
          1,
          1,
          1,
          null,
          null,
          1,
          null,
          null,
          null,
          null,
          null,
          1,
          null,
          null,
          1,
          38,
          null,
          null,
          1,
          2,
          null,
          null,
          1,
          2,
          null,
          null,
          null,
          null
        ]
      },
      "/home/hank/code/api-TravelRoute/app/infrastructure/gateways/routes_api.rb": {
        "lines": [
          null,
          null,
          1,
          null,
          1,
          1,
          null,
          1,
          1,
          1,
          null,
          1,
          1,
          1,
          null,
          1,
          null,
          1,
          null,
          1,
          6,
          null,
          null,
          1,
          null,
          5,
          null,
          null,
          null,
          null,
          null,
          1,
          2,
          2,
          null,
          2,
          null,
          null,
          null,
          null,
          2,
          null,
          null,
          1,
          3,
          3,
          3,
          3,
          null,
          null,
          null,
          1,
          1,
          3,
          null,
          null,
          1,
          null,
          3,
          null,
          null,
          null,
          null,
          null,
          null,
          1,
          null,
          1,
          24,
          null,
          null,
          null,
          null,
          null,
          null
        ]
      },
      "/home/hank/code/api-TravelRoute/app/domain/init.rb": {
        "lines": [
          null,
          null,
          1,
          1,
          1,
          null
        ]
      },
      "/home/hank/code/api-TravelRoute/app/domain/plans/init.rb": {
        "lines": [
          null,
          null,
          1,
          1,
          3,
          9,
          null,
          null
        ]
      },
      "/home/hank/code/api-TravelRoute/app/domain/plans/entities/attraction.rb": {
        "lines": [
          null,
          null,
          1,
          1,
          null,
          1,
          null,
          1,
          1,
          null,
          1,
          1,
          null,
          1,
          1,
          1,
          1,
          1,
          1,
          1,
          null,
          1,
          null,
          10,
          null,
          null,
          null,
          null,
          null,
          null,
          null,
          null,
          null,
          null,
          null,
          null
        ]
      },
      "/home/hank/code/api-TravelRoute/app/domain/plans/values/distance.rb": {
        "lines": [
          null,
          null,
          1,
          null,
          1,
          1,
          null,
          1,
          1,
          null,
          1,
          0,
          null,
          null,
          null,
          null
        ]
      },
      "/home/hank/code/api-TravelRoute/app/domain/plans/lib/distance_estimator.rb": {
        "lines": [
          null,
          null,
          1,
          1,
          null,
          1,
          1,
          0,
          null,
          null,
          1,
          0,
          null,
          null,
          1,
          0,
          null,
          null,
          null,
          null
        ]
      },
      "/home/hank/code/api-TravelRoute/app/domain/plans/entities/guidebook.rb": {
        "lines": [
          null,
          null,
          1,
          null,
          1,
          1,
          null,
          1,
          1,
          null,
          1,
          3,
          3,
          3,
          9,
          null,
          3,
          null,
          null,
          1,
          1,
          3,
          null,
          null,
          null,
          1,
          20,
          null,
          20,
          null,
          null,
          1,
          0,
          null,
          null,
          1,
          0,
          null,
          0,
          null,
          null,
          1,
          10,
          10,
          10,
          null,
          null,
          1,
          16,
          null,
          null,
          1,
          18,
          null,
          null,
          null,
          1,
          4,
          4,
          null,
          4,
          6,
          null,
          null,
          null,
          null,
          1,
          2,
          null,
          2,
          4,
          null,
          null,
          null,
          null,
          null
        ]
      },
      "/home/hank/code/api-TravelRoute/app/domain/plans/entities/plan.rb": {
        "lines": [
          null,
          null,
          1,
          1,
          null,
          1,
          1,
          null,
          1,
          2,
          null,
          null,
          1,
          2,
          2,
          2,
          null,
          null,
          null,
          1,
          1,
          2,
          2,
          2,
          null,
          null,
          1,
          2,
          2,
          2,
          2,
          null,
          null,
          1,
          null,
          1,
          4,
          4,
          4,
          null,
          null,
          null,
          null,
          null
        ]
      },
      "/home/hank/code/api-TravelRoute/app/domain/plans/entities/route.rb": {
        "lines": [
          null,
          null,
          1,
          1,
          null,
          1,
          1,
          1,
          null,
          1,
          1,
          null,
          1,
          1,
          null,
          1,
          1,
          1,
          1,
          null,
          1,
          0,
          null,
          null,
          1,
          0,
          null,
          null,
          1,
          0,
          null,
          null,
          null,
          null
        ]
      },
      "/home/hank/code/api-TravelRoute/app/domain/plans/values/duration.rb": {
        "lines": [
          null,
          null,
          1,
          null,
          1,
          1,
          null,
          1,
          1,
          null,
          1,
          0,
          null,
          null,
          null,
          null
        ]
      },
      "/home/hank/code/api-TravelRoute/app/domain/plans/lib/duration_estimator.rb": {
        "lines": [
          null,
          null,
          1,
          1,
          null,
          1,
          1,
          0,
          null,
          null,
          1,
          0,
          null,
          null,
          1,
          0,
          null,
          null,
          1,
          0,
          null,
          0,
          null,
          0,
          null,
          0,
          null,
          null,
          null,
          null,
          null
        ]
      },
      "/home/hank/code/api-TravelRoute/app/domain/plans/repositories/attractions.rb": {
        "lines": [
          null,
          null,
          null,
          null,
          null,
          null,
          null,
          1,
          1,
          null,
          1,
          1,
          0,
          null,
          null,
          1,
          20,
          null,
          null,
          1,
          28,
          28,
          null,
          null,
          1,
          0,
          0,
          null,
          null,
          1,
          10,
          null,
          9,
          null,
          null,
          1,
          1,
          1,
          null,
          1,
          1,
          null,
          null,
          1,
          1,
          1,
          null,
          null,
          1,
          9,
          null,
          9,
          9,
          null,
          null,
          1,
          38,
          null,
          17,
          17,
          17,
          17,
          17,
          null,
          null,
          1,
          0,
          0,
          null,
          null,
          null,
          null,
          null
        ]
      },
      "/home/hank/code/api-TravelRoute/app/domain/plans/repositories/routes.rb": {
        "lines": [
          null,
          null,
          1,
          1,
          null,
          1,
          1,
          0,
          null,
          null,
          null,
          1,
          0,
          0,
          null,
          null,
          1,
          0,
          0,
          null,
          0,
          0,
          null,
          null,
          1,
          0,
          null,
          0,
          null,
          null,
          null,
          null,
          null,
          null,
          null,
          1,
          0,
          0,
          null,
          null,
          null,
          null,
          null
        ]
      },
      "/home/hank/code/api-TravelRoute/app/domain/plans/mappers/attraction_mapper.rb": {
        "lines": [
          null,
          null,
          1,
          1,
          null,
          1,
          1,
          33,
          33,
          33,
          null,
          null,
          1,
          29,
          28,
          null,
          73,
          null,
          null,
          1,
          4,
          4,
          null,
          null,
          1,
          0,
          0,
          null,
          null,
          1,
          null,
          1,
          0,
          0,
          0,
          null,
          null,
          null,
          1,
          1,
          54,
          null,
          null,
          1,
          54,
          null,
          null,
          null,
          null,
          null,
          null,
          null,
          null,
          null,
          null,
          1,
          null,
          1,
          54,
          null,
          null,
          1,
          54,
          null,
          null,
          1,
          54,
          null,
          null,
          1,
          54,
          null,
          null,
          1,
          54,
          null,
          null,
          1,
          54,
          null,
          null,
          1,
          54,
          null,
          null,
          null,
          null,
          null
        ]
      },
      "/home/hank/code/api-TravelRoute/app/domain/plans/mappers/guidebook_mapper.rb": {
        "lines": [
          null,
          null,
          1,
          1,
          null,
          1,
          1,
          3,
          3,
          3,
          null,
          null,
          1,
          3,
          3,
          null,
          null,
          null,
          1,
          1,
          3,
          3,
          null,
          null,
          1,
          3,
          27,
          27,
          27,
          null,
          3,
          null,
          null,
          null,
          1,
          1,
          3,
          3,
          null,
          null,
          1,
          3,
          9,
          null,
          null,
          null,
          1,
          null,
          1,
          27,
          null,
          null,
          1,
          90,
          27,
          null,
          null,
          null,
          1,
          null,
          1,
          54,
          null,
          null,
          null,
          null,
          null
        ]
      },
      "/home/hank/code/api-TravelRoute/app/domain/plans/mappers/route_mapper.rb": {
        "lines": [
          null,
          null,
          1,
          1,
          null,
          1,
          1,
          3,
          3,
          3,
          null,
          null,
          1,
          3,
          1,
          null,
          1,
          null,
          null,
          null,
          1,
          1,
          null,
          1,
          28,
          28,
          28,
          null,
          null,
          1,
          28,
          null,
          null,
          null,
          null,
          null,
          null,
          null,
          1,
          28,
          28,
          null,
          null,
          1,
          28,
          28,
          null,
          null,
          null,
          null,
          null
        ]
      },
      "/home/hank/code/api-TravelRoute/app/presentation/representers/attraction.rb": {
        "lines": [
          null,
          null,
          1,
          1,
          null,
          null,
          1,
          1,
          null,
          1,
          1,
          1,
          1,
          null,
          1,
          1,
          1,
          1,
          1,
          1,
          1,
          null,
          null,
          null
        ]
      },
      "/home/hank/code/api-TravelRoute/app/presentation/representers/attractions_list.rb": {
        "lines": [
          null,
          null,
          1,
          1,
          null,
          1,
          1,
          null,
          1,
          1,
          null,
          1,
          null,
          null,
          null,
          null
        ]
      },
      "/home/hank/code/api-TravelRoute/app/presentation/representers/http_response.rb": {
        "lines": [
          null,
          null,
          1,
          1,
          null,
          1,
          1,
          null,
          null,
          null,
          null,
          null,
          1,
          1,
          null,
          1,
          1,
          null,
          1,
          null,
          null,
          null,
          null,
          null,
          null,
          null,
          null,
          null,
          null,
          null,
          null,
          null,
          null,
          1,
          5,
          null,
          null,
          null,
          null
        ]
      },
      "/home/hank/code/api-TravelRoute/app/presentation/responses/api_result.rb": {
        "lines": [
          null,
          null,
          1,
          1,
          1,
          null,
          null,
          null,
          1,
          null,
          null,
          null,
          null,
          1,
          null,
          null,
          1,
          1,
          10,
          null,
          9,
          null,
          null,
          null,
          null
        ]
      },
      "/home/hank/code/api-TravelRoute/app/presentation/responses/attractions_list.rb": {
        "lines": [
          null,
          null,
          1,
          1,
          null,
          1,
          null,
          null
        ]
      },
      "/home/hank/code/api-TravelRoute/app/application/controllers/app.rb": {
        "lines": [
          null,
          null,
          1,
          null,
          null,
          1,
          null,
          1,
          1,
          1,
          1,
          null,
          1,
          5,
          null,
          null,
          5,
          1,
          null,
          1,
          null,
          null,
          null,
          1,
          1,
          null,
          null,
          4,
          4,
          null,
          4,
          2,
          null,
          2,
          0,
          0,
          null,
          null,
          2,
          2,
          2,
          null,
          null,
          2,
          null,
          2,
          1,
          1,
          null,
          1,
          0,
          0,
          null,
          null,
          1,
          1,
          1,
          null,
          null,
          null,
          1,
          1,
          1,
          null,
          1,
          0,
          0,
          null,
          null,
          1,
          1,
          1,
          null,
          null,
          null,
          null,
          0,
          0,
          0,
          0,
          null,
          0,
          0,
          0,
          null,
          0,
          0,
          0,
          null,
          null,
          null,
          null,
          null,
          0,
          null,
          0,
          0,
          0,
          0,
          null,
          null,
          null,
          0,
          null,
          0,
          0,
          0,
          0,
          null,
          0,
          0,
          0,
          null,
          null,
          0,
          0,
          0,
          null,
          null,
          null,
          null,
          null,
          null
        ]
      },
      "/home/hank/code/api-TravelRoute/app/application/requests/attraction.rb": {
        "lines": [
          null,
          null,
          1,
          1,
          null,
          1,
          1,
          null,
          1,
          1,
          null,
          1,
          1,
          null,
          null,
          1,
          1,
          null,
          0,
          null,
          null,
          null,
          null,
          null,
          null,
          null,
          null,
          null
        ]
      },
      "/home/hank/code/api-TravelRoute/app/application/requests/attraction_search.rb": {
        "lines": [
          null,
          null,
          1,
          1,
          1,
          null,
          1,
          1,
          null,
          1,
          1,
          null,
          1,
          3,
          null,
          null,
          1,
          3,
          null,
          0,
          null,
          null,
          null,
          null,
          null,
          null,
          null,
          1,
          3,
          null,
          null,
          null,
          1,
          2,
          null,
          null,
          1,
          2,
          null,
          null,
          null,
          null
        ]
      },
      "/home/hank/code/api-TravelRoute/app/application/services/add_attraction.rb": {
        "lines": [
          null,
          null,
          1,
          null,
          1,
          1,
          null,
          1,
          1,
          null,
          1,
          1,
          1,
          null,
          1,
          null,
          1,
          1,
          1,
          1,
          null,
          0,
          null,
          null,
          null,
          1,
          1,
          null,
          1,
          null,
          0,
          null,
          null,
          1,
          1,
          1,
          1,
          null,
          0,
          null,
          null,
          null,
          null
        ]
      },
      "/home/hank/code/api-TravelRoute/app/application/services/generate_plan.rb": {
        "lines": [
          null,
          null,
          1,
          null,
          1,
          1,
          null,
          1,
          1,
          null,
          1,
          1,
          1,
          null,
          1,
          null,
          1,
          1,
          2,
          1,
          null,
          null,
          1,
          1,
          null,
          1,
          null,
          0,
          null,
          null,
          1,
          1,
          null,
          1,
          null,
          0,
          null,
          null,
          null,
          null
        ]
      },
      "/home/hank/code/api-TravelRoute/app/application/services/list_attractions.rb": {
        "lines": [
          null,
          null,
          1,
          null,
          1,
          1,
          null,
          1,
          1,
          null,
          1,
          4,
          6,
          null,
          null,
          4,
          null,
          0,
          null,
          null,
          null,
          null
        ]
      },
      "/home/hank/code/api-TravelRoute/app/application/services/lookup_attraction.rb": {
        "lines": [
          null,
          null,
          1,
          null,
          1,
          1,
          null,
          1,
          1,
          null,
          1,
          1,
          1,
          null,
          1,
          null,
          1,
          1,
          1,
          1,
          null,
          1,
          2,
          2,
          null,
          0,
          null,
          null,
          null,
          null,
          1,
          2,
          null,
          2,
          2,
          null,
          2,
          null,
          0,
          null,
          null,
          1,
          2,
          2,
          null,
          0,
          0,
          null,
          null,
          null,
          null
        ]
      },
      "/home/hank/code/api-TravelRoute/app/application/services/recommend_attractions.rb": {
        "lines": [
          null,
          null,
          1,
          null,
          1,
          1,
          null,
          1,
          1,
          null,
          1,
          1,
          1,
          null,
          1,
          null,
          1,
          1,
          1,
          1,
          null,
          1,
          0,
          0,
          null,
          0,
          null,
          null,
          null,
          null,
          1,
          0,
          null,
          0,
          0,
          null,
          0,
          null,
          0,
          null,
          null,
          1,
          0,
          0,
          0,
          0,
          0,
          0,
          null,
          0,
          null,
          null,
          null,
          null
        ]
      },
      "/home/hank/code/api-TravelRoute/app/application/services/search_attractions.rb": {
        "lines": [
          null,
          null,
          1,
          null,
          1,
          1,
          null,
          1,
          1,
          null,
          1,
          1,
          null,
          1,
          null,
          1,
          null,
          1,
          3,
          3,
          3,
          null,
          0,
          null,
          null,
          null,
          1,
          3,
          3,
          3,
          3,
          null,
          0,
          null,
          null,
          null,
          null,
          null,
          null
        ]
      },
      "/home/hank/code/api-TravelRoute/spec/helpers/vcr_helper.rb": {
        "lines": [
          null,
          null,
          1,
          1,
          null,
          null,
          1,
          1,
          1,
          null,
          1,
          14,
          14,
          14,
          null,
          null,
          null,
          1,
          21,
          6581,
          6581,
          null,
          null,
          21,
          null,
          null,
          null,
          null,
          null,
          null,
          1,
          21,
          null,
          null
        ]
      },
      "/home/hank/code/api-TravelRoute/spec/helpers/database_helper.rb": {
        "lines": [
          null,
          null,
          null,
          1,
          1,
          null,
          13,
          13,
          13,
          13,
          null,
          null
        ]
      },
      "/home/hank/code/api-TravelRoute/spec/tests/integration/layers/domain_plan_spec.rb": {
        "lines": [
          null,
          null,
          1,
          1,
          1,
          null,
          1,
          1,
          null,
          1,
          1,
          1,
          null,
          1,
          1,
          1,
          null,
          1,
          1,
          null,
          1,
          null,
          1,
          null,
          null,
          1,
          1,
          null,
          null,
          1,
          1,
          1,
          null,
          null
        ]
      },
      "/home/hank/code/api-TravelRoute/spec/tests/integration/layers/gateway_database_spec.rb": {
        "lines": [
          null,
          null,
          1,
          1,
          1,
          null,
          1,
          1,
          null,
          1,
          2,
          null,
          null,
          1,
          2,
          null,
          null,
          1,
          1,
          2,
          null,
          null,
          1,
          1,
          null,
          null,
          1,
          1,
          null,
          1,
          1,
          1,
          null,
          null,
          1,
          1,
          1,
          null,
          1,
          1,
          1,
          null,
          1,
          null,
          null,
          null,
          null,
          null,
          null,
          null,
          null,
          null,
          1,
          null,
          1,
          1,
          1,
          1,
          1,
          1,
          null,
          1,
          1,
          1,
          1,
          1,
          1,
          null,
          null,
          null
        ]
      },
      "/home/hank/code/api-TravelRoute/spec/tests/integration/layers/gmaps_api_spec.rb": {
        "lines": [
          null,
          null,
          1,
          1,
          null,
          1,
          1,
          8,
          8,
          null,
          null,
          1,
          8,
          null,
          null,
          1,
          1,
          1,
          1,
          1,
          null,
          null,
          1,
          1,
          1,
          1,
          1,
          1,
          null,
          null,
          1,
          1,
          1,
          null,
          null,
          1,
          1,
          1,
          null,
          null,
          null,
          null,
          1,
          1,
          3,
          3,
          3,
          null,
          null,
          1,
          1,
          1,
          1,
          1,
          null,
          null,
          1,
          1,
          1,
          null,
          null,
          null,
          1,
          1,
          1,
          null,
          null,
          null,
          null,
          1,
          1,
          1,
          1,
          1,
          null,
          1,
          null,
          null,
          1,
          1,
          1,
          null,
          null,
          null
        ]
      },
      "/home/hank/code/api-TravelRoute/spec/tests/integration/services/generate_plan_spec.rb": {
        "lines": [
          null,
          null,
          1,
          1,
          1,
          null,
          1,
          1,
          null,
          1,
          1,
          null,
          null,
          1,
          1,
          null,
          null,
          1,
          1,
          1,
          null,
          null,
          1,
          1,
          1,
          1,
          1,
          1,
          1,
          null,
          1,
          1,
          null,
          1,
          null,
          1,
          1,
          null,
          null,
          null
        ]
      },
      "/home/hank/code/api-TravelRoute/spec/tests/integration/services/list_attractions_spec.rb": {
        "lines": [
          null,
          null,
          1,
          1,
          1,
          null,
          1,
          1,
          null,
          1,
          3,
          null,
          null,
          1,
          3,
          null,
          null,
          1,
          1,
          3,
          null,
          null,
          1,
          1,
          1,
          null,
          1,
          1,
          null,
          1,
          1,
          null,
          1,
          1,
          1,
          1,
          1,
          null,
          null,
          1,
          1,
          1,
          null,
          1,
          1,
          null,
          1,
          1,
          1,
          1,
          null,
          null,
          1,
          1,
          1,
          null,
          1,
          1,
          1,
          null,
          null,
          null
        ]
      },
      "/home/hank/code/api-TravelRoute/spec/tests/integration/services/search_attractions_spec.rb": {
        "lines": [
          null,
          null,
          1,
          1,
          1,
          null,
          1,
          1,
          null,
          1,
          2,
          null,
          null,
          1,
          2,
          null,
          null,
          1,
          1,
          2,
          null,
          null,
          1,
          1,
          1,
          1,
          null,
          1,
          1,
          1,
          1,
          null,
          null,
          1,
          1,
          1,
          null,
          1,
          1,
          1,
          null,
          null,
          null
        ]
      },
      "/home/hank/code/api-TravelRoute/spec/tests/unit/result_spec.rb": {
        "lines": [
          null,
          null,
          1,
          null,
          1,
          1,
          1,
          null,
          1,
          1,
          null,
          null,
          1,
          1,
          null,
          1,
          1,
          null,
          null,
          1,
          1,
          1,
          null,
          null,
          null
        ]
      }
    },
    "timestamp": 1701629901
  }
}
